**********************
Windows PowerShell transcript start
Start time: 20251201131140
Username: WIN-CROEVDCUJMQ\Administrator
RunAs User: WIN-CROEVDCUJMQ\Administrator
Machine: WIN-CROEVDCUJMQ (Microsoft Windows NT 10.0.14393.0)
Host Application: C:\Windows\System32\WindowsPowerShell\v1.0\powershell.exe
Process ID: 3004
PSVersion: 5.1.14393.693
PSEdition: Desktop
PSCompatibleVersions: 1.0, 2.0, 3.0, 4.0, 5.0, 5.1.14393.693
BuildVersion: 10.0.14393.693
CLRVersion: 4.0.30319.42000
WSManStackVersion: 3.0
PSRemotingProtocolVersion: 2.3
SerializationVersion: 1.1.0.1
**********************
Transcript started, output file is C:\Users\Administrator\Desktop\w\KISA_RESULT\W-24.log
========= [W-24] Windows Server Security Assessment (Action: Detect) ==========
[2025-12-01 13:11:40+09:00]
[INFO] Modern PowerShell (version >= 3.0) detected. Using CIM cmdlets.
[INFO] Checking for Administrator privileges...
[SUCCESS] Administrator privileges confirmed.

PHASE 1: VULNERABILITY DETECTION
---------------------------------
[PASS] All network adapters have NetBIOS over TCP/IP disabled.

PHASE 3: GENERATING REPORT
--------------------------
[INFO] Generating final report object...
[INFO] Saving report to: C:\Users\Administrator\Desktop\w\KISA_RESULT\W-24.json
[INFO] Stopping script execution log.
**********************
Windows PowerShell transcript end
End time: 20251201131140
**********************
**********************
Windows PowerShell transcript start
Start time: 20251201131205
Username: WIN-CROEVDCUJMQ\Administrator
RunAs User: WIN-CROEVDCUJMQ\Administrator
Machine: WIN-CROEVDCUJMQ (Microsoft Windows NT 10.0.14393.0)
Host Application: C:\Windows\System32\WindowsPowerShell\v1.0\powershell.exe
Process ID: 3004
PSVersion: 5.1.14393.693
PSEdition: Desktop
PSCompatibleVersions: 1.0, 2.0, 3.0, 4.0, 5.0, 5.1.14393.693
BuildVersion: 10.0.14393.693
CLRVersion: 4.0.30319.42000
WSManStackVersion: 3.0
PSRemotingProtocolVersion: 2.3
SerializationVersion: 1.1.0.1
**********************
Transcript started, output file is C:\Users\Administrator\Desktop\w\KISA_RESULT\W-24.log
========= [W-24] Windows Server Security Assessment (Action: Remediate) ==========
[2025-12-01 13:12:05+09:00]
[INFO] Modern PowerShell (version >= 3.0) detected. Using CIM cmdlets.
[INFO] Checking for Administrator privileges...
[SUCCESS] Administrator privileges confirmed.

PHASE 1: VULNERABILITY DETECTION
---------------------------------
[PASS] All network adapters have NetBIOS over TCP/IP disabled.

PHASE 2: REMEDIATION
--------------------
[INFO] No remediation required.

PHASE 3: GENERATING REPORT
--------------------------
[INFO] Generating final report object...
[INFO] Saving report to: C:\Users\Administrator\Desktop\w\KISA_RESULT\W-24.json
[INFO] Stopping script execution log.
**********************
Windows PowerShell transcript end
End time: 20251201131205
**********************
**********************
Windows PowerShell transcript start
Start time: 20251201131213
Username: WIN-CROEVDCUJMQ\Administrator
RunAs User: WIN-CROEVDCUJMQ\Administrator
Machine: WIN-CROEVDCUJMQ (Microsoft Windows NT 10.0.14393.0)
Host Application: C:\Windows\System32\WindowsPowerShell\v1.0\powershell.exe
Process ID: 3004
PSVersion: 5.1.14393.693
PSEdition: Desktop
PSCompatibleVersions: 1.0, 2.0, 3.0, 4.0, 5.0, 5.1.14393.693
BuildVersion: 10.0.14393.693
CLRVersion: 4.0.30319.42000
WSManStackVersion: 3.0
PSRemotingProtocolVersion: 2.3
SerializationVersion: 1.1.0.1
**********************
Transcript started, output file is C:\Users\Administrator\Desktop\w\KISA_RESULT\W-24.log
========= [W-24] Windows Server Security Assessment (Action: Restore) ==========
[2025-12-01 13:12:13+09:00]
[INFO] Modern PowerShell (version >= 3.0) detected. Using CIM cmdlets.
[INFO] Checking for Administrator privileges...
[SUCCESS] Administrator privileges confirmed.
PS>TerminatingError(): "Backup file not found: C:\Users\Administrator\Desktop\w\W-24.backup.json. Nothing to restore."
[FATAL] A critical error occurred: Backup file not found: C:\Users\Administrator\Desktop\w\W-24.backup.json. Nothing to restore.
[INFO] Saving report to: C:\Users\Administrator\Desktop\w\KISA_RESULT\W-24.json
[INFO] Stopping script execution log.
**********************
Windows PowerShell transcript end
End time: 20251201131213
**********************
