**********************
Windows PowerShell transcript start
Start time: 20251201131701
Username: WIN-CROEVDCUJMQ\Administrator
RunAs User: WIN-CROEVDCUJMQ\Administrator
Machine: WIN-CROEVDCUJMQ (Microsoft Windows NT 10.0.14393.0)
Host Application: C:\Windows\System32\WindowsPowerShell\v1.0\powershell.exe
Process ID: 3004
PSVersion: 5.1.14393.693
PSEdition: Desktop
PSCompatibleVersions: 1.0, 2.0, 3.0, 4.0, 5.0, 5.1.14393.693
BuildVersion: 10.0.14393.693
CLRVersion: 4.0.30319.42000
WSManStackVersion: 3.0
PSRemotingProtocolVersion: 2.3
SerializationVersion: 1.1.0.1
**********************
Transcript started, output file is C:\Users\Administrator\Desktop\w\KISA_RESULT\W-63.log
========= [W-63] DNS Dynamic Update Security Assessment (Action: Detect) ==========
[2025-12-01 13:17:01+09:00]
[INFO] Checking for Administrator privileges...
[SUCCESS] Administrator privileges confirmed.

PHASE 1: VULNERABILITY DETECTION
---------------------------------
[INFO] Checking for DNS Service (dns.exe)...
[PASS] DNS Service is not installed. This check is not applicable.

PHASE 3: GENERATING REPORT
--------------------------
[INFO] Generating final report object...
[FATAL] A critical error occurred: The term 'if' is not recognized as the name of a cmdlet, function, script file, or operable program. Check the spelling of the name, or if a path was included, verify that the path is correct and try again.
[INFO] Saving report to: C:\Users\Administrator\Desktop\w\KISA_RESULT\W-63.json
[INFO] Stopping script execution log.
**********************
Windows PowerShell transcript end
End time: 20251201131701
**********************
**********************
Windows PowerShell transcript start
Start time: 20251201131730
Username: WIN-CROEVDCUJMQ\Administrator
RunAs User: WIN-CROEVDCUJMQ\Administrator
Machine: WIN-CROEVDCUJMQ (Microsoft Windows NT 10.0.14393.0)
Host Application: C:\Windows\System32\WindowsPowerShell\v1.0\powershell.exe
Process ID: 3004
PSVersion: 5.1.14393.693
PSEdition: Desktop
PSCompatibleVersions: 1.0, 2.0, 3.0, 4.0, 5.0, 5.1.14393.693
BuildVersion: 10.0.14393.693
CLRVersion: 4.0.30319.42000
WSManStackVersion: 3.0
PSRemotingProtocolVersion: 2.3
SerializationVersion: 1.1.0.1
**********************
Transcript started, output file is C:\Users\Administrator\Desktop\w\KISA_RESULT\W-63.log
========= [W-63] DNS Dynamic Update Security Assessment (Action: Remediate) ==========
[2025-12-01 13:17:30+09:00]
[INFO] Checking for Administrator privileges...
[SUCCESS] Administrator privileges confirmed.

PHASE 1: VULNERABILITY DETECTION
---------------------------------
[INFO] Checking for DNS Service (dns.exe)...
[PASS] DNS Service is not installed. This check is not applicable.

PHASE 2: REMEDIATION
--------------------
[INFO] No remediation required.

PHASE 3: GENERATING REPORT
--------------------------
[INFO] Generating final report object...
[FATAL] A critical error occurred: The term 'if' is not recognized as the name of a cmdlet, function, script file, or operable program. Check the spelling of the name, or if a path was included, verify that the path is correct and try again.
[INFO] Saving report to: C:\Users\Administrator\Desktop\w\KISA_RESULT\W-63.json
[INFO] Stopping script execution log.
**********************
Windows PowerShell transcript end
End time: 20251201131730
**********************
**********************
Windows PowerShell transcript start
Start time: 20251201131738
Username: WIN-CROEVDCUJMQ\Administrator
RunAs User: WIN-CROEVDCUJMQ\Administrator
Machine: WIN-CROEVDCUJMQ (Microsoft Windows NT 10.0.14393.0)
Host Application: C:\Windows\System32\WindowsPowerShell\v1.0\powershell.exe
Process ID: 3004
PSVersion: 5.1.14393.693
PSEdition: Desktop
PSCompatibleVersions: 1.0, 2.0, 3.0, 4.0, 5.0, 5.1.14393.693
BuildVersion: 10.0.14393.693
CLRVersion: 4.0.30319.42000
WSManStackVersion: 3.0
PSRemotingProtocolVersion: 2.3
SerializationVersion: 1.1.0.1
**********************
Transcript started, output file is C:\Users\Administrator\Desktop\w\KISA_RESULT\W-63.log
========= [W-63] DNS Dynamic Update Security Assessment (Action: Restore) ==========
[2025-12-01 13:17:38+09:00]
[INFO] Checking for Administrator privileges...
[SUCCESS] Administrator privileges confirmed.
PS>TerminatingError(Import-Module): "The running command stopped because the preference variable "ErrorActionPreference" or common parameter is set to Stop: The specified module 'DnsServer' was not loaded because no valid module file was found in any module directory."
[FATAL] A critical error occurred: The specified module 'DnsServer' was not loaded because no valid module file was found in any module directory.
[INFO] Saving report to: C:\Users\Administrator\Desktop\w\KISA_RESULT\W-63.json
[INFO] Stopping script execution log.
**********************
Windows PowerShell transcript end
End time: 20251201131738
**********************
